{"name":"As user I want to access all pages under TSAPre section","id":"tsapre-section-regression-test;as-user-i-want-to-access-all-pages-under-tsapre-section","testSteps":[{"number":1,"description":"Example: {pageName\u003dAirport Airlines}","duration":11213,"startTime":"2020-02-21T10:06:33.418-05:00[America/New_York]","exception":{"errorType":"net.thucydides.core.webdriver.exceptions.ElementShouldBeEnabledException","message":"Expected enabled element was not enabled\nBuild info: version: \u00273.141.59\u0027, revision: \u0027e82be7d358\u0027, time: \u00272018-11-14T08:17:03\u0027\nSystem info: host: \u0027AFSWWD0CQT7LE1\u0027, ip: \u002710.84.12.44\u0027, os.name: \u0027Windows 10\u0027, os.arch: \u0027amd64\u0027, os.version: \u002710.0\u0027, java.version: \u00271.8.0_241\u0027\nDriver info: driver.version: unknown","stackTrace":[{"declaringClass":"TSAGOV.pages.TSAGOVBasePage","methodName":"enterUsername","fileName":"TSAGOVBasePage.java","lineNumber":50},{"declaringClass":"TSAGOV.steps.TSAGOVSteps","methodName":"enterUsername","fileName":"TSAGOVSteps.java","lineNumber":80},{"declaringClass":"TSAGOV.glue.TSAGOVTsaPreRegressionGlue","methodName":"user_wants_to_access_all_pages_on_TSAPre_section","fileName":"TSAGOVTsaPreRegressionGlue.java","lineNumber":29},{"declaringClass":"✽","methodName":"user wants to access all pages on TSAPre section","fileName":"src/test/resources/TSAGOVFeatures/TSAGOVTsaPreRegression.feature","lineNumber":5}]},"result":"FAILURE","precondition":false,"level":0,"children":[{"number":2,"description":"Given user wants to access all pages on TSAPre section","duration":11206,"startTime":"2020-02-21T10:06:33.419-05:00[America/New_York]","exception":{"errorType":"net.thucydides.core.webdriver.exceptions.ElementShouldBeEnabledException","message":"Expected enabled element was not enabled\nBuild info: version: \u00273.141.59\u0027, revision: \u0027e82be7d358\u0027, time: \u00272018-11-14T08:17:03\u0027\nSystem info: host: \u0027AFSWWD0CQT7LE1\u0027, ip: \u002710.84.12.44\u0027, os.name: \u0027Windows 10\u0027, os.arch: \u0027amd64\u0027, os.version: \u002710.0\u0027, java.version: \u00271.8.0_241\u0027\nDriver info: driver.version: unknown","stackTrace":[{"declaringClass":"TSAGOV.pages.TSAGOVBasePage","methodName":"enterUsername","fileName":"TSAGOVBasePage.java","lineNumber":50},{"declaringClass":"TSAGOV.steps.TSAGOVSteps","methodName":"enterUsername","fileName":"TSAGOVSteps.java","lineNumber":80},{"declaringClass":"TSAGOV.glue.TSAGOVTsaPreRegressionGlue","methodName":"user_wants_to_access_all_pages_on_TSAPre_section","fileName":"TSAGOVTsaPreRegressionGlue.java","lineNumber":29},{"declaringClass":"✽","methodName":"user wants to access all pages on TSAPre section","fileName":"src/test/resources/TSAGOVFeatures/TSAGOVTsaPreRegression.feature","lineNumber":5}]},"result":"FAILURE","precondition":false,"level":1,"children":[{"number":3,"description":"Navigate to TSAGOV","duration":2712,"startTime":"2020-02-21T10:06:33.435-05:00[America/New_York]","screenshots":[{"screenshot":"900710855d4451c09b86e797d92dd19193584be0d0b3db9d218e115f77900e32.png","timeStamp":1582297596147}],"result":"SUCCESS","precondition":false,"level":2},{"number":4,"description":"Enter username: moinpreet.sethi@associates.tsa.dhs.gov","duration":8472,"startTime":"2020-02-21T10:06:36.148-05:00[America/New_York]","screenshots":[{"screenshot":"900710855d4451c09b86e797d92dd19193584be0d0b3db9d218e115f77900e32.png","timeStamp":1582297596149},{"screenshot":"900710855d4451c09b86e797d92dd19193584be0d0b3db9d218e115f77900e32.png","htmlSource":"pagesource7672350593106120705.html.txt","timeStamp":1582297604619}],"exception":{"errorType":"net.thucydides.core.webdriver.exceptions.ElementShouldBeEnabledException","message":"Expected enabled element was not enabled","stackTrace":[{"declaringClass":"TSAGOV.pages.TSAGOVBasePage","methodName":"enterUsername","fileName":"TSAGOVBasePage.java","lineNumber":50},{"declaringClass":"TSAGOV.steps.TSAGOVSteps","methodName":"enterUsername","fileName":"TSAGOVSteps.java","lineNumber":80},{"declaringClass":"TSAGOV.glue.TSAGOVTsaPreRegressionGlue","methodName":"user_wants_to_access_all_pages_on_TSAPre_section","fileName":"TSAGOVTsaPreRegressionGlue.java","lineNumber":29},{"declaringClass":"cucumber.runner.Runner","methodName":"runPickle","fileName":"Runner.java","lineNumber":80}],"rootCause":{"errorType":"org.openqa.selenium.TimeoutException","message":"Expected condition failed: waiting for TSAGOVBasePage.usernameBox to be enabled (tried for 5 second(s) with 100 milliseconds interval)","stackTrace":[{"declaringClass":"TSAGOV.pages.TSAGOVBasePage","methodName":"enterUsername","fileName":"TSAGOVBasePage.java","lineNumber":50},{"declaringClass":"TSAGOV.steps.TSAGOVSteps","methodName":"enterUsername","fileName":"TSAGOVSteps.java","lineNumber":80},{"declaringClass":"TSAGOV.glue.TSAGOVTsaPreRegressionGlue","methodName":"user_wants_to_access_all_pages_on_TSAPre_section","fileName":"TSAGOVTsaPreRegressionGlue.java","lineNumber":29},{"declaringClass":"cucumber.runner.Runner","methodName":"runPickle","fileName":"Runner.java","lineNumber":80}],"rootCause":{"errorType":"org.openqa.selenium.NoSuchElementException","message":"Timed out after 2 seconds. Element not found\nFor documentation on this error, please visit: https://www.seleniumhq.org/exceptions/no_such_element.html\nBuild info: version: \u00273.141.59\u0027, revision: \u0027e82be7d358\u0027, time: \u00272018-11-14T08:17:03\u0027\nSystem info: host: \u0027AFSWWD0CQT7LE1\u0027, ip: \u002710.84.12.44\u0027, os.name: \u0027Windows 10\u0027, os.arch: \u0027amd64\u0027, os.version: \u002710.0\u0027, java.version: \u00271.8.0_241\u0027\nDriver info: driver.version: unknown","stackTrace":[{"declaringClass":"TSAGOV.pages.TSAGOVBasePage","methodName":"enterUsername","fileName":"TSAGOVBasePage.java","lineNumber":50},{"declaringClass":"TSAGOV.steps.TSAGOVSteps","methodName":"enterUsername","fileName":"TSAGOVSteps.java","lineNumber":80},{"declaringClass":"TSAGOV.glue.TSAGOVTsaPreRegressionGlue","methodName":"user_wants_to_access_all_pages_on_TSAPre_section","fileName":"TSAGOVTsaPreRegressionGlue.java","lineNumber":29},{"declaringClass":"cucumber.runner.Runner","methodName":"runPickle","fileName":"Runner.java","lineNumber":80}]}}},"result":"FAILURE","precondition":false,"level":2}]},{"number":5,"description":"When user access TSAPre page","duration":1,"startTime":"2020-02-21T10:06:44.625-05:00[America/New_York]","result":"SKIPPED","precondition":false,"level":1},{"number":6,"description":"Then user is directed to TSAPre page","duration":1,"startTime":"2020-02-21T10:06:44.626-05:00[America/New_York]","result":"SKIPPED","precondition":false,"level":1},{"number":7,"description":"And page Airport Airlines under TSAPre section is accessible","duration":1,"startTime":"2020-02-21T10:06:44.627-05:00[America/New_York]","result":"SKIPPED","precondition":false,"level":1}]},{"number":8,"description":"Example: {pageName\u003dSchedule}","duration":11267,"startTime":"2020-02-21T10:06:45.283-05:00[America/New_York]","exception":{"errorType":"net.thucydides.core.webdriver.exceptions.ElementShouldBeEnabledException","message":"Expected enabled element was not enabled\nBuild info: version: \u00273.141.59\u0027, revision: \u0027e82be7d358\u0027, time: \u00272018-11-14T08:17:03\u0027\nSystem info: host: \u0027AFSWWD0CQT7LE1\u0027, ip: \u002710.84.12.44\u0027, os.name: \u0027Windows 10\u0027, os.arch: \u0027amd64\u0027, os.version: \u002710.0\u0027, java.version: \u00271.8.0_241\u0027\nDriver info: driver.version: unknown","stackTrace":[{"declaringClass":"TSAGOV.pages.TSAGOVBasePage","methodName":"enterUsername","fileName":"TSAGOVBasePage.java","lineNumber":50},{"declaringClass":"TSAGOV.steps.TSAGOVSteps","methodName":"enterUsername","fileName":"TSAGOVSteps.java","lineNumber":80},{"declaringClass":"TSAGOV.glue.TSAGOVTsaPreRegressionGlue","methodName":"user_wants_to_access_all_pages_on_TSAPre_section","fileName":"TSAGOVTsaPreRegressionGlue.java","lineNumber":29},{"declaringClass":"✽","methodName":"user wants to access all pages on TSAPre section","fileName":"src/test/resources/TSAGOVFeatures/TSAGOVTsaPreRegression.feature","lineNumber":5}]},"result":"FAILURE","precondition":false,"level":0,"children":[{"number":9,"description":"Given user wants to access all pages on TSAPre section","duration":11260,"startTime":"2020-02-21T10:06:45.284-05:00[America/New_York]","exception":{"errorType":"net.thucydides.core.webdriver.exceptions.ElementShouldBeEnabledException","message":"Expected enabled element was not enabled\nBuild info: version: \u00273.141.59\u0027, revision: \u0027e82be7d358\u0027, time: \u00272018-11-14T08:17:03\u0027\nSystem info: host: \u0027AFSWWD0CQT7LE1\u0027, ip: \u002710.84.12.44\u0027, os.name: \u0027Windows 10\u0027, os.arch: \u0027amd64\u0027, os.version: \u002710.0\u0027, java.version: \u00271.8.0_241\u0027\nDriver info: driver.version: unknown","stackTrace":[{"declaringClass":"TSAGOV.pages.TSAGOVBasePage","methodName":"enterUsername","fileName":"TSAGOVBasePage.java","lineNumber":50},{"declaringClass":"TSAGOV.steps.TSAGOVSteps","methodName":"enterUsername","fileName":"TSAGOVSteps.java","lineNumber":80},{"declaringClass":"TSAGOV.glue.TSAGOVTsaPreRegressionGlue","methodName":"user_wants_to_access_all_pages_on_TSAPre_section","fileName":"TSAGOVTsaPreRegressionGlue.java","lineNumber":29},{"declaringClass":"✽","methodName":"user wants to access all pages on TSAPre section","fileName":"src/test/resources/TSAGOVFeatures/TSAGOVTsaPreRegression.feature","lineNumber":5}]},"result":"FAILURE","precondition":false,"level":1,"children":[{"number":10,"description":"Navigate to TSAGOV","duration":2756,"startTime":"2020-02-21T10:06:45.297-05:00[America/New_York]","screenshots":[{"screenshot":"583182c712ad46b82852f67ca6e61e335a76511914b446e7f9fbf47c18a77021.png","timeStamp":1582297608053}],"result":"SUCCESS","precondition":false,"level":2},{"number":11,"description":"Enter username: moinpreet.sethi@associates.tsa.dhs.gov","duration":8487,"startTime":"2020-02-21T10:06:48.054-05:00[America/New_York]","screenshots":[{"screenshot":"583182c712ad46b82852f67ca6e61e335a76511914b446e7f9fbf47c18a77021.png","timeStamp":1582297608055},{"screenshot":"583182c712ad46b82852f67ca6e61e335a76511914b446e7f9fbf47c18a77021.png","htmlSource":"pagesource2603734803454767032.html.txt","timeStamp":1582297616539}],"exception":{"errorType":"net.thucydides.core.webdriver.exceptions.ElementShouldBeEnabledException","message":"Expected enabled element was not enabled","stackTrace":[{"declaringClass":"TSAGOV.pages.TSAGOVBasePage","methodName":"enterUsername","fileName":"TSAGOVBasePage.java","lineNumber":50},{"declaringClass":"TSAGOV.steps.TSAGOVSteps","methodName":"enterUsername","fileName":"TSAGOVSteps.java","lineNumber":80},{"declaringClass":"TSAGOV.glue.TSAGOVTsaPreRegressionGlue","methodName":"user_wants_to_access_all_pages_on_TSAPre_section","fileName":"TSAGOVTsaPreRegressionGlue.java","lineNumber":29},{"declaringClass":"cucumber.runner.Runner","methodName":"runPickle","fileName":"Runner.java","lineNumber":80}],"rootCause":{"errorType":"org.openqa.selenium.TimeoutException","message":"Expected condition failed: waiting for TSAGOVBasePage.usernameBox to be enabled (tried for 5 second(s) with 100 milliseconds interval)","stackTrace":[{"declaringClass":"TSAGOV.pages.TSAGOVBasePage","methodName":"enterUsername","fileName":"TSAGOVBasePage.java","lineNumber":50},{"declaringClass":"TSAGOV.steps.TSAGOVSteps","methodName":"enterUsername","fileName":"TSAGOVSteps.java","lineNumber":80},{"declaringClass":"TSAGOV.glue.TSAGOVTsaPreRegressionGlue","methodName":"user_wants_to_access_all_pages_on_TSAPre_section","fileName":"TSAGOVTsaPreRegressionGlue.java","lineNumber":29},{"declaringClass":"cucumber.runner.Runner","methodName":"runPickle","fileName":"Runner.java","lineNumber":80}],"rootCause":{"errorType":"org.openqa.selenium.NoSuchElementException","message":"Timed out after 2 seconds. Element not found\nFor documentation on this error, please visit: https://www.seleniumhq.org/exceptions/no_such_element.html\nBuild info: version: \u00273.141.59\u0027, revision: \u0027e82be7d358\u0027, time: \u00272018-11-14T08:17:03\u0027\nSystem info: host: \u0027AFSWWD0CQT7LE1\u0027, ip: \u002710.84.12.44\u0027, os.name: \u0027Windows 10\u0027, os.arch: \u0027amd64\u0027, os.version: \u002710.0\u0027, java.version: \u00271.8.0_241\u0027\nDriver info: driver.version: unknown","stackTrace":[{"declaringClass":"TSAGOV.pages.TSAGOVBasePage","methodName":"enterUsername","fileName":"TSAGOVBasePage.java","lineNumber":50},{"declaringClass":"TSAGOV.steps.TSAGOVSteps","methodName":"enterUsername","fileName":"TSAGOVSteps.java","lineNumber":80},{"declaringClass":"TSAGOV.glue.TSAGOVTsaPreRegressionGlue","methodName":"user_wants_to_access_all_pages_on_TSAPre_section","fileName":"TSAGOVTsaPreRegressionGlue.java","lineNumber":29},{"declaringClass":"cucumber.runner.Runner","methodName":"runPickle","fileName":"Runner.java","lineNumber":80}]}}},"result":"FAILURE","precondition":false,"level":2}]},{"number":12,"description":"When user access TSAPre page","duration":1,"startTime":"2020-02-21T10:06:56.544-05:00[America/New_York]","result":"SKIPPED","precondition":false,"level":1},{"number":13,"description":"Then user is directed to TSAPre page","duration":1,"startTime":"2020-02-21T10:06:56.546-05:00[America/New_York]","result":"SKIPPED","precondition":false,"level":1},{"number":14,"description":"And page Schedule under TSAPre section is accessible","duration":1,"startTime":"2020-02-21T10:06:56.547-05:00[America/New_York]","result":"SKIPPED","precondition":false,"level":1}]},{"number":15,"description":"Example: {pageName\u003dFAQ}","duration":7203,"startTime":"2020-02-21T10:06:57.140-05:00[America/New_York]","exception":{"errorType":"net.thucydides.core.webdriver.DriverConfigurationError","message":"Could not instantiate new WebDriver instance of type class org.openqa.selenium.chrome.ChromeDriver (session not created\nfrom chrome not reachable\n  (Session info: chrome\u003d80.0.3987.116)\nBuild info: version: \u00273.141.59\u0027, revision: \u0027e82be7d358\u0027, time: \u00272018-11-14T08:17:03\u0027\nSystem info: host: \u0027AFSWWD0CQT7LE1\u0027, ip: \u002710.84.12.44\u0027, os.name: \u0027Windows 10\u0027, os.arch: \u0027amd64\u0027, os.version: \u002710.0\u0027, java.version: \u00271.8.0_241\u0027\nDriver info: driver.version: ProvideNewDriver\nremote stacktrace: Backtrace:\n\tOrdinal0 [0x00ADA113+1548563]\n\tOrdinal0 [0x00A5DDA1+1039777]\n\tOrdinal0 [0x009DE32E+516910]\n\tOrdinal0 [0x009D8012+491538]\n\tOrdinal0 [0x009D86EB+493291]\n\tOrdinal0 [0x009D9855+497749]\n\tOrdinal0 [0x009D5885+481413]\n\tOrdinal0 [0x009DF0D0+520400]\n\tOrdinal0 [0x0098C030+180272]\n\tOrdinal0 [0x0098B59D+177565]\n\tOrdinal0 [0x009895FB+169467]\n\tOrdinal0 [0x0097160A+71178]\n\tOrdinal0 [0x00972690+75408]\n\tOrdinal0 [0x00972629+75305]\n\tOrdinal0 [0x00A771B7+1143223]\n\tGetHandleVerifier [0x00B72B46+507814]\n\tGetHandleVerifier [0x00B72864+507076]\n\tGetHandleVerifier [0x00B79F47+537511]\n\tGetHandleVerifier [0x00B73402+510050]\n\tOrdinal0 [0x00A6F29C+1110684]\n\tOrdinal0 [0x00A7938B+1151883]\n\tOrdinal0 [0x00A794F3+1152243]\n\tOrdinal0 [0x00A783F5+1147893]\n\tBaseThreadInitThunk [0x76D30419+25]\n\tRtlGetAppContainerNamedObjectPath [0x77B1662D+237]\n\tRtlGetAppContainerNamedObjectPath [0x77B165FD+189]\n). See below for more details.","stackTrace":[{"declaringClass":"TSAGOV.pages.TSAGOVBasePage","methodName":"navigateToTSAGOV","fileName":"TSAGOVBasePage.java","lineNumber":41},{"declaringClass":"TSAGOV.steps.TSAGOVSteps","methodName":"navigateToTSAGOV","fileName":"TSAGOVSteps.java","lineNumber":69},{"declaringClass":"TSAGOV.glue.TSAGOVTsaPreRegressionGlue","methodName":"user_wants_to_access_all_pages_on_TSAPre_section","fileName":"TSAGOVTsaPreRegressionGlue.java","lineNumber":28},{"declaringClass":"cucumber.runner.Runner","methodName":"runPickle","fileName":"Runner.java","lineNumber":80}]},"result":"ERROR","precondition":false,"level":0,"children":[{"number":16,"description":"Given user wants to access all pages on TSAPre section","duration":7196,"startTime":"2020-02-21T10:06:57.141-05:00[America/New_York]","exception":{"errorType":"net.thucydides.core.webdriver.DriverConfigurationError","message":"Could not instantiate new WebDriver instance of type class org.openqa.selenium.chrome.ChromeDriver (session not created\nfrom chrome not reachable\n  (Session info: chrome\u003d80.0.3987.116)\nBuild info: version: \u00273.141.59\u0027, revision: \u0027e82be7d358\u0027, time: \u00272018-11-14T08:17:03\u0027\nSystem info: host: \u0027AFSWWD0CQT7LE1\u0027, ip: \u002710.84.12.44\u0027, os.name: \u0027Windows 10\u0027, os.arch: \u0027amd64\u0027, os.version: \u002710.0\u0027, java.version: \u00271.8.0_241\u0027\nDriver info: driver.version: ProvideNewDriver\nremote stacktrace: Backtrace:\n\tOrdinal0 [0x00ADA113+1548563]\n\tOrdinal0 [0x00A5DDA1+1039777]\n\tOrdinal0 [0x009DE32E+516910]\n\tOrdinal0 [0x009D8012+491538]\n\tOrdinal0 [0x009D86EB+493291]\n\tOrdinal0 [0x009D9855+497749]\n\tOrdinal0 [0x009D5885+481413]\n\tOrdinal0 [0x009DF0D0+520400]\n\tOrdinal0 [0x0098C030+180272]\n\tOrdinal0 [0x0098B59D+177565]\n\tOrdinal0 [0x009895FB+169467]\n\tOrdinal0 [0x0097160A+71178]\n\tOrdinal0 [0x00972690+75408]\n\tOrdinal0 [0x00972629+75305]\n\tOrdinal0 [0x00A771B7+1143223]\n\tGetHandleVerifier [0x00B72B46+507814]\n\tGetHandleVerifier [0x00B72864+507076]\n\tGetHandleVerifier [0x00B79F47+537511]\n\tGetHandleVerifier [0x00B73402+510050]\n\tOrdinal0 [0x00A6F29C+1110684]\n\tOrdinal0 [0x00A7938B+1151883]\n\tOrdinal0 [0x00A794F3+1152243]\n\tOrdinal0 [0x00A783F5+1147893]\n\tBaseThreadInitThunk [0x76D30419+25]\n\tRtlGetAppContainerNamedObjectPath [0x77B1662D+237]\n\tRtlGetAppContainerNamedObjectPath [0x77B165FD+189]\n). See below for more details.","stackTrace":[{"declaringClass":"TSAGOV.pages.TSAGOVBasePage","methodName":"navigateToTSAGOV","fileName":"TSAGOVBasePage.java","lineNumber":41},{"declaringClass":"TSAGOV.steps.TSAGOVSteps","methodName":"navigateToTSAGOV","fileName":"TSAGOVSteps.java","lineNumber":69},{"declaringClass":"TSAGOV.glue.TSAGOVTsaPreRegressionGlue","methodName":"user_wants_to_access_all_pages_on_TSAPre_section","fileName":"TSAGOVTsaPreRegressionGlue.java","lineNumber":28},{"declaringClass":"cucumber.runner.Runner","methodName":"runPickle","fileName":"Runner.java","lineNumber":80}]},"result":"ERROR","precondition":false,"level":1,"children":[{"number":17,"description":"Navigate to TSAGOV","duration":7181,"startTime":"2020-02-21T10:06:57.152-05:00[America/New_York]","exception":{"errorType":"net.thucydides.core.webdriver.DriverConfigurationError","message":"Could not instantiate class org.openqa.selenium.chrome.ChromeDriver","stackTrace":[{"declaringClass":"TSAGOV.pages.TSAGOVBasePage","methodName":"navigateToTSAGOV","fileName":"TSAGOVBasePage.java","lineNumber":41},{"declaringClass":"TSAGOV.steps.TSAGOVSteps","methodName":"navigateToTSAGOV","fileName":"TSAGOVSteps.java","lineNumber":69},{"declaringClass":"TSAGOV.glue.TSAGOVTsaPreRegressionGlue","methodName":"user_wants_to_access_all_pages_on_TSAPre_section","fileName":"TSAGOVTsaPreRegressionGlue.java","lineNumber":28},{"declaringClass":"cucumber.runner.Runner","methodName":"runPickle","fileName":"Runner.java","lineNumber":80}],"rootCause":{"errorType":"net.thucydides.core.webdriver.DriverConfigurationError","message":"Could not instantiate new WebDriver instance of type class org.openqa.selenium.chrome.ChromeDriver (session not created\nfrom chrome not reachable\n  (Session info: chrome\u003d80.0.3987.116)\nBuild info: version: \u00273.141.59\u0027, revision: \u0027e82be7d358\u0027, time: \u00272018-11-14T08:17:03\u0027\nSystem info: host: \u0027AFSWWD0CQT7LE1\u0027, ip: \u002710.84.12.44\u0027, os.name: \u0027Windows 10\u0027, os.arch: \u0027amd64\u0027, os.version: \u002710.0\u0027, java.version: \u00271.8.0_241\u0027\nDriver info: driver.version: ProvideNewDriver\nremote stacktrace: Backtrace:\n\tOrdinal0 [0x00ADA113+1548563]\n\tOrdinal0 [0x00A5DDA1+1039777]\n\tOrdinal0 [0x009DE32E+516910]\n\tOrdinal0 [0x009D8012+491538]\n\tOrdinal0 [0x009D86EB+493291]\n\tOrdinal0 [0x009D9855+497749]\n\tOrdinal0 [0x009D5885+481413]\n\tOrdinal0 [0x009DF0D0+520400]\n\tOrdinal0 [0x0098C030+180272]\n\tOrdinal0 [0x0098B59D+177565]\n\tOrdinal0 [0x009895FB+169467]\n\tOrdinal0 [0x0097160A+71178]\n\tOrdinal0 [0x00972690+75408]\n\tOrdinal0 [0x00972629+75305]\n\tOrdinal0 [0x00A771B7+1143223]\n\tGetHandleVerifier [0x00B72B46+507814]\n\tGetHandleVerifier [0x00B72864+507076]\n\tGetHandleVerifier [0x00B79F47+537511]\n\tGetHandleVerifier [0x00B73402+510050]\n\tOrdinal0 [0x00A6F29C+1110684]\n\tOrdinal0 [0x00A7938B+1151883]\n\tOrdinal0 [0x00A794F3+1152243]\n\tOrdinal0 [0x00A783F5+1147893]\n\tBaseThreadInitThunk [0x76D30419+25]\n\tRtlGetAppContainerNamedObjectPath [0x77B1662D+237]\n\tRtlGetAppContainerNamedObjectPath [0x77B165FD+189]\n). See below for more details.","stackTrace":[{"declaringClass":"TSAGOV.pages.TSAGOVBasePage","methodName":"navigateToTSAGOV","fileName":"TSAGOVBasePage.java","lineNumber":41},{"declaringClass":"TSAGOV.steps.TSAGOVSteps","methodName":"navigateToTSAGOV","fileName":"TSAGOVSteps.java","lineNumber":69},{"declaringClass":"TSAGOV.glue.TSAGOVTsaPreRegressionGlue","methodName":"user_wants_to_access_all_pages_on_TSAPre_section","fileName":"TSAGOVTsaPreRegressionGlue.java","lineNumber":28},{"declaringClass":"cucumber.runner.Runner","methodName":"runPickle","fileName":"Runner.java","lineNumber":80}],"rootCause":{"errorType":"org.openqa.selenium.SessionNotCreatedException","message":"session not created\nfrom chrome not reachable\n  (Session info: chrome\u003d80.0.3987.116)\nBuild info: version: \u00273.141.59\u0027, revision: \u0027e82be7d358\u0027, time: \u00272018-11-14T08:17:03\u0027\nSystem info: host: \u0027AFSWWD0CQT7LE1\u0027, ip: \u002710.84.12.44\u0027, os.name: \u0027Windows 10\u0027, os.arch: \u0027amd64\u0027, os.version: \u002710.0\u0027, java.version: \u00271.8.0_241\u0027\nDriver info: driver.version: ProvideNewDriver\nremote stacktrace: Backtrace:\n\tOrdinal0 [0x00ADA113+1548563]\n\tOrdinal0 [0x00A5DDA1+1039777]\n\tOrdinal0 [0x009DE32E+516910]\n\tOrdinal0 [0x009D8012+491538]\n\tOrdinal0 [0x009D86EB+493291]\n\tOrdinal0 [0x009D9855+497749]\n\tOrdinal0 [0x009D5885+481413]\n\tOrdinal0 [0x009DF0D0+520400]\n\tOrdinal0 [0x0098C030+180272]\n\tOrdinal0 [0x0098B59D+177565]\n\tOrdinal0 [0x009895FB+169467]\n\tOrdinal0 [0x0097160A+71178]\n\tOrdinal0 [0x00972690+75408]\n\tOrdinal0 [0x00972629+75305]\n\tOrdinal0 [0x00A771B7+1143223]\n\tGetHandleVerifier [0x00B72B46+507814]\n\tGetHandleVerifier [0x00B72864+507076]\n\tGetHandleVerifier [0x00B79F47+537511]\n\tGetHandleVerifier [0x00B73402+510050]\n\tOrdinal0 [0x00A6F29C+1110684]\n\tOrdinal0 [0x00A7938B+1151883]\n\tOrdinal0 [0x00A794F3+1152243]\n\tOrdinal0 [0x00A783F5+1147893]\n\tBaseThreadInitThunk [0x76D30419+25]\n\tRtlGetAppContainerNamedObjectPath [0x77B1662D+237]\n\tRtlGetAppContainerNamedObjectPath [0x77B165FD+189]\n","stackTrace":[{"declaringClass":"TSAGOV.pages.TSAGOVBasePage","methodName":"navigateToTSAGOV","fileName":"TSAGOVBasePage.java","lineNumber":41},{"declaringClass":"TSAGOV.steps.TSAGOVSteps","methodName":"navigateToTSAGOV","fileName":"TSAGOVSteps.java","lineNumber":69},{"declaringClass":"TSAGOV.glue.TSAGOVTsaPreRegressionGlue","methodName":"user_wants_to_access_all_pages_on_TSAPre_section","fileName":"TSAGOVTsaPreRegressionGlue.java","lineNumber":28},{"declaringClass":"cucumber.runner.Runner","methodName":"runPickle","fileName":"Runner.java","lineNumber":80}]}}},"result":"ERROR","precondition":false,"level":2}]},{"number":18,"description":"When user access TSAPre page","duration":1,"startTime":"2020-02-21T10:07:04.337-05:00[America/New_York]","result":"SKIPPED","precondition":false,"level":1},{"number":19,"description":"Then user is directed to TSAPre page","duration":1,"startTime":"2020-02-21T10:07:04.338-05:00[America/New_York]","result":"SKIPPED","precondition":false,"level":1},{"number":20,"description":"And page FAQ under TSAPre section is accessible","duration":1,"startTime":"2020-02-21T10:07:04.339-05:00[America/New_York]","result":"SKIPPED","precondition":false,"level":1}]},{"number":21,"description":"Example: {pageName\u003dTrusted Traveler Programs}","duration":7202,"startTime":"2020-02-21T10:07:04.348-05:00[America/New_York]","exception":{"errorType":"net.thucydides.core.webdriver.DriverConfigurationError","message":"Could not instantiate new WebDriver instance of type class org.openqa.selenium.chrome.ChromeDriver (session not created\nfrom chrome not reachable\n  (Session info: chrome\u003d80.0.3987.116)\nBuild info: version: \u00273.141.59\u0027, revision: \u0027e82be7d358\u0027, time: \u00272018-11-14T08:17:03\u0027\nSystem info: host: \u0027AFSWWD0CQT7LE1\u0027, ip: \u002710.84.12.44\u0027, os.name: \u0027Windows 10\u0027, os.arch: \u0027amd64\u0027, os.version: \u002710.0\u0027, java.version: \u00271.8.0_241\u0027\nDriver info: driver.version: ProvideNewDriver\nremote stacktrace: Backtrace:\n\tOrdinal0 [0x00ADA113+1548563]\n\tOrdinal0 [0x00A5DDA1+1039777]\n\tOrdinal0 [0x009DE32E+516910]\n\tOrdinal0 [0x009D8012+491538]\n\tOrdinal0 [0x009D86EB+493291]\n\tOrdinal0 [0x009D9855+497749]\n\tOrdinal0 [0x009D5885+481413]\n\tOrdinal0 [0x009DF0D0+520400]\n\tOrdinal0 [0x0098C030+180272]\n\tOrdinal0 [0x0098B59D+177565]\n\tOrdinal0 [0x009895FB+169467]\n\tOrdinal0 [0x0097160A+71178]\n\tOrdinal0 [0x00972690+75408]\n\tOrdinal0 [0x00972629+75305]\n\tOrdinal0 [0x00A771B7+1143223]\n\tGetHandleVerifier [0x00B72B46+507814]\n\tGetHandleVerifier [0x00B72864+507076]\n\tGetHandleVerifier [0x00B79F47+537511]\n\tGetHandleVerifier [0x00B73402+510050]\n\tOrdinal0 [0x00A6F29C+1110684]\n\tOrdinal0 [0x00A7938B+1151883]\n\tOrdinal0 [0x00A794F3+1152243]\n\tOrdinal0 [0x00A783F5+1147893]\n\tBaseThreadInitThunk [0x76D30419+25]\n\tRtlGetAppContainerNamedObjectPath [0x77B1662D+237]\n\tRtlGetAppContainerNamedObjectPath [0x77B165FD+189]\n). See below for more details.","stackTrace":[{"declaringClass":"TSAGOV.pages.TSAGOVBasePage","methodName":"navigateToTSAGOV","fileName":"TSAGOVBasePage.java","lineNumber":41},{"declaringClass":"TSAGOV.steps.TSAGOVSteps","methodName":"navigateToTSAGOV","fileName":"TSAGOVSteps.java","lineNumber":69},{"declaringClass":"TSAGOV.glue.TSAGOVTsaPreRegressionGlue","methodName":"user_wants_to_access_all_pages_on_TSAPre_section","fileName":"TSAGOVTsaPreRegressionGlue.java","lineNumber":28},{"declaringClass":"cucumber.runner.Runner","methodName":"runPickle","fileName":"Runner.java","lineNumber":80}]},"result":"ERROR","precondition":false,"level":0,"children":[{"number":22,"description":"Given user wants to access all pages on TSAPre section","duration":7202,"startTime":"2020-02-21T10:07:04.348-05:00[America/New_York]","exception":{"errorType":"net.thucydides.core.webdriver.DriverConfigurationError","message":"Could not instantiate new WebDriver instance of type class org.openqa.selenium.chrome.ChromeDriver (session not created\nfrom chrome not reachable\n  (Session info: chrome\u003d80.0.3987.116)\nBuild info: version: \u00273.141.59\u0027, revision: \u0027e82be7d358\u0027, time: \u00272018-11-14T08:17:03\u0027\nSystem info: host: \u0027AFSWWD0CQT7LE1\u0027, ip: \u002710.84.12.44\u0027, os.name: \u0027Windows 10\u0027, os.arch: \u0027amd64\u0027, os.version: \u002710.0\u0027, java.version: \u00271.8.0_241\u0027\nDriver info: driver.version: ProvideNewDriver\nremote stacktrace: Backtrace:\n\tOrdinal0 [0x00ADA113+1548563]\n\tOrdinal0 [0x00A5DDA1+1039777]\n\tOrdinal0 [0x009DE32E+516910]\n\tOrdinal0 [0x009D8012+491538]\n\tOrdinal0 [0x009D86EB+493291]\n\tOrdinal0 [0x009D9855+497749]\n\tOrdinal0 [0x009D5885+481413]\n\tOrdinal0 [0x009DF0D0+520400]\n\tOrdinal0 [0x0098C030+180272]\n\tOrdinal0 [0x0098B59D+177565]\n\tOrdinal0 [0x009895FB+169467]\n\tOrdinal0 [0x0097160A+71178]\n\tOrdinal0 [0x00972690+75408]\n\tOrdinal0 [0x00972629+75305]\n\tOrdinal0 [0x00A771B7+1143223]\n\tGetHandleVerifier [0x00B72B46+507814]\n\tGetHandleVerifier [0x00B72864+507076]\n\tGetHandleVerifier [0x00B79F47+537511]\n\tGetHandleVerifier [0x00B73402+510050]\n\tOrdinal0 [0x00A6F29C+1110684]\n\tOrdinal0 [0x00A7938B+1151883]\n\tOrdinal0 [0x00A794F3+1152243]\n\tOrdinal0 [0x00A783F5+1147893]\n\tBaseThreadInitThunk [0x76D30419+25]\n\tRtlGetAppContainerNamedObjectPath [0x77B1662D+237]\n\tRtlGetAppContainerNamedObjectPath [0x77B165FD+189]\n). See below for more details.","stackTrace":[{"declaringClass":"TSAGOV.pages.TSAGOVBasePage","methodName":"navigateToTSAGOV","fileName":"TSAGOVBasePage.java","lineNumber":41},{"declaringClass":"TSAGOV.steps.TSAGOVSteps","methodName":"navigateToTSAGOV","fileName":"TSAGOVSteps.java","lineNumber":69},{"declaringClass":"TSAGOV.glue.TSAGOVTsaPreRegressionGlue","methodName":"user_wants_to_access_all_pages_on_TSAPre_section","fileName":"TSAGOVTsaPreRegressionGlue.java","lineNumber":28},{"declaringClass":"cucumber.runner.Runner","methodName":"runPickle","fileName":"Runner.java","lineNumber":80}]},"result":"ERROR","precondition":false,"level":1,"children":[{"number":23,"description":"Navigate to TSAGOV","duration":7186,"startTime":"2020-02-21T10:07:04.364-05:00[America/New_York]","exception":{"errorType":"net.thucydides.core.webdriver.DriverConfigurationError","message":"Could not instantiate class org.openqa.selenium.chrome.ChromeDriver","stackTrace":[{"declaringClass":"TSAGOV.pages.TSAGOVBasePage","methodName":"navigateToTSAGOV","fileName":"TSAGOVBasePage.java","lineNumber":41},{"declaringClass":"TSAGOV.steps.TSAGOVSteps","methodName":"navigateToTSAGOV","fileName":"TSAGOVSteps.java","lineNumber":69},{"declaringClass":"TSAGOV.glue.TSAGOVTsaPreRegressionGlue","methodName":"user_wants_to_access_all_pages_on_TSAPre_section","fileName":"TSAGOVTsaPreRegressionGlue.java","lineNumber":28},{"declaringClass":"cucumber.runner.Runner","methodName":"runPickle","fileName":"Runner.java","lineNumber":80}],"rootCause":{"errorType":"net.thucydides.core.webdriver.DriverConfigurationError","message":"Could not instantiate new WebDriver instance of type class org.openqa.selenium.chrome.ChromeDriver (session not created\nfrom chrome not reachable\n  (Session info: chrome\u003d80.0.3987.116)\nBuild info: version: \u00273.141.59\u0027, revision: \u0027e82be7d358\u0027, time: \u00272018-11-14T08:17:03\u0027\nSystem info: host: \u0027AFSWWD0CQT7LE1\u0027, ip: \u002710.84.12.44\u0027, os.name: \u0027Windows 10\u0027, os.arch: \u0027amd64\u0027, os.version: \u002710.0\u0027, java.version: \u00271.8.0_241\u0027\nDriver info: driver.version: ProvideNewDriver\nremote stacktrace: Backtrace:\n\tOrdinal0 [0x00ADA113+1548563]\n\tOrdinal0 [0x00A5DDA1+1039777]\n\tOrdinal0 [0x009DE32E+516910]\n\tOrdinal0 [0x009D8012+491538]\n\tOrdinal0 [0x009D86EB+493291]\n\tOrdinal0 [0x009D9855+497749]\n\tOrdinal0 [0x009D5885+481413]\n\tOrdinal0 [0x009DF0D0+520400]\n\tOrdinal0 [0x0098C030+180272]\n\tOrdinal0 [0x0098B59D+177565]\n\tOrdinal0 [0x009895FB+169467]\n\tOrdinal0 [0x0097160A+71178]\n\tOrdinal0 [0x00972690+75408]\n\tOrdinal0 [0x00972629+75305]\n\tOrdinal0 [0x00A771B7+1143223]\n\tGetHandleVerifier [0x00B72B46+507814]\n\tGetHandleVerifier [0x00B72864+507076]\n\tGetHandleVerifier [0x00B79F47+537511]\n\tGetHandleVerifier [0x00B73402+510050]\n\tOrdinal0 [0x00A6F29C+1110684]\n\tOrdinal0 [0x00A7938B+1151883]\n\tOrdinal0 [0x00A794F3+1152243]\n\tOrdinal0 [0x00A783F5+1147893]\n\tBaseThreadInitThunk [0x76D30419+25]\n\tRtlGetAppContainerNamedObjectPath [0x77B1662D+237]\n\tRtlGetAppContainerNamedObjectPath [0x77B165FD+189]\n). See below for more details.","stackTrace":[{"declaringClass":"TSAGOV.pages.TSAGOVBasePage","methodName":"navigateToTSAGOV","fileName":"TSAGOVBasePage.java","lineNumber":41},{"declaringClass":"TSAGOV.steps.TSAGOVSteps","methodName":"navigateToTSAGOV","fileName":"TSAGOVSteps.java","lineNumber":69},{"declaringClass":"TSAGOV.glue.TSAGOVTsaPreRegressionGlue","methodName":"user_wants_to_access_all_pages_on_TSAPre_section","fileName":"TSAGOVTsaPreRegressionGlue.java","lineNumber":28},{"declaringClass":"cucumber.runner.Runner","methodName":"runPickle","fileName":"Runner.java","lineNumber":80}],"rootCause":{"errorType":"org.openqa.selenium.SessionNotCreatedException","message":"session not created\nfrom chrome not reachable\n  (Session info: chrome\u003d80.0.3987.116)\nBuild info: version: \u00273.141.59\u0027, revision: \u0027e82be7d358\u0027, time: \u00272018-11-14T08:17:03\u0027\nSystem info: host: \u0027AFSWWD0CQT7LE1\u0027, ip: \u002710.84.12.44\u0027, os.name: \u0027Windows 10\u0027, os.arch: \u0027amd64\u0027, os.version: \u002710.0\u0027, java.version: \u00271.8.0_241\u0027\nDriver info: driver.version: ProvideNewDriver\nremote stacktrace: Backtrace:\n\tOrdinal0 [0x00ADA113+1548563]\n\tOrdinal0 [0x00A5DDA1+1039777]\n\tOrdinal0 [0x009DE32E+516910]\n\tOrdinal0 [0x009D8012+491538]\n\tOrdinal0 [0x009D86EB+493291]\n\tOrdinal0 [0x009D9855+497749]\n\tOrdinal0 [0x009D5885+481413]\n\tOrdinal0 [0x009DF0D0+520400]\n\tOrdinal0 [0x0098C030+180272]\n\tOrdinal0 [0x0098B59D+177565]\n\tOrdinal0 [0x009895FB+169467]\n\tOrdinal0 [0x0097160A+71178]\n\tOrdinal0 [0x00972690+75408]\n\tOrdinal0 [0x00972629+75305]\n\tOrdinal0 [0x00A771B7+1143223]\n\tGetHandleVerifier [0x00B72B46+507814]\n\tGetHandleVerifier [0x00B72864+507076]\n\tGetHandleVerifier [0x00B79F47+537511]\n\tGetHandleVerifier [0x00B73402+510050]\n\tOrdinal0 [0x00A6F29C+1110684]\n\tOrdinal0 [0x00A7938B+1151883]\n\tOrdinal0 [0x00A794F3+1152243]\n\tOrdinal0 [0x00A783F5+1147893]\n\tBaseThreadInitThunk [0x76D30419+25]\n\tRtlGetAppContainerNamedObjectPath [0x77B1662D+237]\n\tRtlGetAppContainerNamedObjectPath [0x77B165FD+189]\n","stackTrace":[{"declaringClass":"TSAGOV.pages.TSAGOVBasePage","methodName":"navigateToTSAGOV","fileName":"TSAGOVBasePage.java","lineNumber":41},{"declaringClass":"TSAGOV.steps.TSAGOVSteps","methodName":"navigateToTSAGOV","fileName":"TSAGOVSteps.java","lineNumber":69},{"declaringClass":"TSAGOV.glue.TSAGOVTsaPreRegressionGlue","methodName":"user_wants_to_access_all_pages_on_TSAPre_section","fileName":"TSAGOVTsaPreRegressionGlue.java","lineNumber":28},{"declaringClass":"cucumber.runner.Runner","methodName":"runPickle","fileName":"Runner.java","lineNumber":80}]}}},"result":"ERROR","precondition":false,"level":2}]},{"number":24,"description":"When user access TSAPre page","duration":0,"startTime":"2020-02-21T10:07:11.550-05:00[America/New_York]","result":"SKIPPED","precondition":false,"level":1},{"number":25,"description":"Then user is directed to TSAPre page","duration":0,"startTime":"2020-02-21T10:07:11.550-05:00[America/New_York]","result":"SKIPPED","precondition":false,"level":1},{"number":26,"description":"And page Trusted Traveler Programs under TSAPre section is accessible","duration":0,"startTime":"2020-02-21T10:07:11.550-05:00[America/New_York]","result":"SKIPPED","precondition":false,"level":1}]}],"userStory":{"id":"tsapre-section-regression-test","storyName":"TSAPre section regression test","path":"src/test/resources/TSAGOVFeatures/TSAGOVTsaPreRegression.feature","type":"feature"},"featureTag":{"name":"TSAGOV features/TSAPre section regression test","type":"feature","displayName":"TSAGOV features/TSAPre section regression test"},"title":"As user I want to access all pages under TSAPre section","startTime":"2020-02-21T10:06:33.415-05:00[America/New_York]","duration":38135,"testFailureCause":{"errorType":"net.thucydides.core.webdriver.exceptions.ElementShouldBeEnabledException","message":"Expected enabled element was not enabled","stackTrace":[{"declaringClass":"TSAGOV.pages.TSAGOVBasePage","methodName":"enterUsername","fileName":"TSAGOVBasePage.java","lineNumber":50},{"declaringClass":"TSAGOV.steps.TSAGOVSteps","methodName":"enterUsername","fileName":"TSAGOVSteps.java","lineNumber":80},{"declaringClass":"TSAGOV.glue.TSAGOVTsaPreRegressionGlue","methodName":"user_wants_to_access_all_pages_on_TSAPre_section","fileName":"TSAGOVTsaPreRegressionGlue.java","lineNumber":29},{"declaringClass":"✽","methodName":"user wants to access all pages on TSAPre section","fileName":"src/test/resources/TSAGOVFeatures/TSAGOVTsaPreRegression.feature","lineNumber":5}],"rootCause":{"errorType":"org.openqa.selenium.TimeoutException","message":"Expected condition failed: waiting for TSAGOVBasePage.usernameBox to be enabled (tried for 5 second(s) with 100 milliseconds interval)","stackTrace":[{"declaringClass":"TSAGOV.pages.TSAGOVBasePage","methodName":"enterUsername","fileName":"TSAGOVBasePage.java","lineNumber":50},{"declaringClass":"TSAGOV.steps.TSAGOVSteps","methodName":"enterUsername","fileName":"TSAGOVSteps.java","lineNumber":80},{"declaringClass":"TSAGOV.glue.TSAGOVTsaPreRegressionGlue","methodName":"user_wants_to_access_all_pages_on_TSAPre_section","fileName":"TSAGOVTsaPreRegressionGlue.java","lineNumber":29},{"declaringClass":"cucumber.runner.Runner","methodName":"runPickle","fileName":"Runner.java","lineNumber":80}],"rootCause":{"errorType":"org.openqa.selenium.NoSuchElementException","message":"Timed out after 2 seconds. Element not found\nFor documentation on this error, please visit: https://www.seleniumhq.org/exceptions/no_such_element.html\nBuild info: version: \u00273.141.59\u0027, revision: \u0027e82be7d358\u0027, time: \u00272018-11-14T08:17:03\u0027\nSystem info: host: \u0027AFSWWD0CQT7LE1\u0027, ip: \u002710.84.12.44\u0027, os.name: \u0027Windows 10\u0027, os.arch: \u0027amd64\u0027, os.version: \u002710.0\u0027, java.version: \u00271.8.0_241\u0027\nDriver info: driver.version: unknown","stackTrace":[{"declaringClass":"TSAGOV.pages.TSAGOVBasePage","methodName":"enterUsername","fileName":"TSAGOVBasePage.java","lineNumber":50},{"declaringClass":"TSAGOV.steps.TSAGOVSteps","methodName":"enterUsername","fileName":"TSAGOVSteps.java","lineNumber":80},{"declaringClass":"TSAGOV.glue.TSAGOVTsaPreRegressionGlue","methodName":"user_wants_to_access_all_pages_on_TSAPre_section","fileName":"TSAGOVTsaPreRegressionGlue.java","lineNumber":29},{"declaringClass":"cucumber.runner.Runner","methodName":"runPickle","fileName":"Runner.java","lineNumber":80}]}}},"testFailureClassname":"java.lang.AssertionError","testFailureMessage":"Expected enabled element was not enabled\r\nCould not instantiate new WebDriver instance of type class org.openqa.selenium.chrome.ChromeDriver (session not created\nfrom chrome not reachable\n  (Session info: chrome\u003d80.0.3987.116)\nBuild info: version: \u00273.141.59\u0027, revision: \u0027e82be7d358\u0027, time: \u00272018-11-14T08:17:03\u0027\nSystem info: host: \u0027AFSWWD0CQT7LE1\u0027, ip: \u002710.84.12.44\u0027, os.name: \u0027Windows 10\u0027, os.arch: \u0027amd64\u0027, os.version: \u002710.0\u0027, java.version: \u00271.8.0_241\u0027\nDriver info: driver.version: ProvideNewDriver\nremote stacktrace: Backtrace:\n\tOrdinal0 [0x00ADA113+1548563]\n\tOrdinal0 [0x00A5DDA1+1039777]\n\tOrdinal0 [0x009DE32E+516910]\n\tOrdinal0 [0x009D8012+491538]\n\tOrdinal0 [0x009D86EB+493291]\n\tOrdinal0 [0x009D9855+497749]\n\tOrdinal0 [0x009D5885+481413]\n\tOrdinal0 [0x009DF0D0+520400]\n\tOrdinal0 [0x0098C030+180272]\n\tOrdinal0 [0x0098B59D+177565]\n\tOrdinal0 [0x009895FB+169467]\n\tOrdinal0 [0x0097160A+71178]\n\tOrdinal0 [0x00972690+75408]\n\tOrdinal0 [0x00972629+75305]\n\tOrdinal0 [0x00A771B7+1143223]\n\tGetHandleVerifier [0x00B72B46+507814]\n\tGetHandleVerifier [0x00B72864+507076]\n\tGetHandleVerifier [0x00B79F47+537511]\n\tGetHandleVerifier [0x00B73402+510050]\n\tOrdinal0 [0x00A6F29C+1110684]\n\tOrdinal0 [0x00A7938B+1151883]\n\tOrdinal0 [0x00A794F3+1152243]\n\tOrdinal0 [0x00A783F5+1147893]\n\tBaseThreadInitThunk [0x76D30419+25]\n\tRtlGetAppContainerNamedObjectPath [0x77B1662D+237]\n\tRtlGetAppContainerNamedObjectPath [0x77B165FD+189]\n). See below for more details.\r\nCould not instantiate new WebDriver instance of type class org.openqa.selenium.chrome.ChromeDriver (session not created\nfrom chrome not reachable\n  (Session info: chrome\u003d80.0.3987.116)\nBuild info: version: \u00273.141.59\u0027, revision: \u0027e82be7d358\u0027, time: \u00272018-11-14T08:17:03\u0027\nSystem info: host: \u0027AFSWWD0CQT7LE1\u0027, ip: \u002710.84.12.44\u0027, os.name: \u0027Windows 10\u0027, os.arch: \u0027amd64\u0027, os.version: \u002710.0\u0027, java.version: \u00271.8.0_241\u0027\nDriver info: driver.version: ProvideNewDriver\nremote stacktrace: Backtrace:\n\tOrdinal0 [0x00ADA113+1548563]\n\tOrdinal0 [0x00A5DDA1+1039777]\n\tOrdinal0 [0x009DE32E+516910]\n\tOrdinal0 [0x009D8012+491538]\n\tOrdinal0 [0x009D86EB+493291]\n\tOrdinal0 [0x009D9855+497749]\n\tOrdinal0 [0x009D5885+481413]\n\tOrdinal0 [0x009DF0D0+520400]\n\tOrdinal0 [0x0098C030+180272]\n\tOrdinal0 [0x0098B59D+177565]\n\tOrdinal0 [0x009895FB+169467]\n\tOrdinal0 [0x0097160A+71178]\n\tOrdinal0 [0x00972690+75408]\n\tOrdinal0 [0x00972629+75305]\n\tOrdinal0 [0x00A771B7+1143223]\n\tGetHandleVerifier [0x00B72B46+507814]\n\tGetHandleVerifier [0x00B72864+507076]\n\tGetHandleVerifier [0x00B79F47+537511]\n\tGetHandleVerifier [0x00B73402+510050]\n\tOrdinal0 [0x00A6F29C+1110684]\n\tOrdinal0 [0x00A7938B+1151883]\n\tOrdinal0 [0x00A794F3+1152243]\n\tOrdinal0 [0x00A783F5+1147893]\n\tBaseThreadInitThunk [0x76D30419+25]\n\tRtlGetAppContainerNamedObjectPath [0x77B1662D+237]\n\tRtlGetAppContainerNamedObjectPath [0x77B165FD+189]\n). See below for more details.\r\nCould not instantiate new WebDriver instance of type class org.openqa.selenium.chrome.ChromeDriver (session not created\nfrom chrome not reachable\n  (Session info: chrome\u003d80.0.3987.116)\nBuild info: version: \u00273.141.59\u0027, revision: \u0027e82be7d358\u0027, time: \u00272018-11-14T08:17:03\u0027\nSystem info: host: \u0027AFSWWD0CQT7LE1\u0027, ip: \u002710.84.12.44\u0027, os.name: \u0027Windows 10\u0027, os.arch: \u0027amd64\u0027, os.version: \u002710.0\u0027, java.version: \u00271.8.0_241\u0027\nDriver info: driver.version: ProvideNewDriver\nremote stacktrace: Backtrace:\n\tOrdinal0 [0x00ADA113+1548563]\n\tOrdinal0 [0x00A5DDA1+1039777]\n\tOrdinal0 [0x009DE32E+516910]\n\tOrdinal0 [0x009D8012+491538]\n\tOrdinal0 [0x009D86EB+493291]\n\tOrdinal0 [0x009D9855+497749]\n\tOrdinal0 [0x009D5885+481413]\n\tOrdinal0 [0x009DF0D0+520400]\n\tOrdinal0 [0x0098C030+180272]\n\tOrdinal0 [0x0098B59D+177565]\n\tOrdinal0 [0x009895FB+169467]\n\tOrdinal0 [0x0097160A+71178]\n\tOrdinal0 [0x00972690+75408]\n\tOrdinal0 [0x00972629+75305]\n\tOrdinal0 [0x00A771B7+1143223]\n\tGetHandleVerifier [0x00B72B46+507814]\n\tGetHandleVerifier [0x00B72864+507076]\n\tGetHandleVerifier [0x00B79F47+537511]\n\tGetHandleVerifier [0x00B73402+510050]\n\tOrdinal0 [0x00A6F29C+1110684]\n\tOrdinal0 [0x00A7938B+1151883]\n\tOrdinal0 [0x00A794F3+1152243]\n\tOrdinal0 [0x00A783F5+1147893]\n\tBaseThreadInitThunk [0x76D30419+25]\n\tRtlGetAppContainerNamedObjectPath [0x77B1662D+237]\n\tRtlGetAppContainerNamedObjectPath [0x77B165FD+189]\n). See below for more details.\r\nCould not instantiate new WebDriver instance of type class org.openqa.selenium.chrome.ChromeDriver (session not created\nfrom chrome not reachable\n  (Session info: chrome\u003d80.0.3987.116)\nBuild info: version: \u00273.141.59\u0027, revision: \u0027e82be7d358\u0027, time: \u00272018-11-14T08:17:03\u0027\nSystem info: host: \u0027AFSWWD0CQT7LE1\u0027, ip: \u002710.84.12.44\u0027, os.name: \u0027Windows 10\u0027, os.arch: \u0027amd64\u0027, os.version: \u002710.0\u0027, java.version: \u00271.8.0_241\u0027\nDriver info: driver.version: ProvideNewDriver\nremote stacktrace: Backtrace:\n\tOrdinal0 [0x00ADA113+1548563]\n\tOrdinal0 [0x00A5DDA1+1039777]\n\tOrdinal0 [0x009DE32E+516910]\n\tOrdinal0 [0x009D8012+491538]\n\tOrdinal0 [0x009D86EB+493291]\n\tOrdinal0 [0x009D9855+497749]\n\tOrdinal0 [0x009D5885+481413]\n\tOrdinal0 [0x009DF0D0+520400]\n\tOrdinal0 [0x0098C030+180272]\n\tOrdinal0 [0x0098B59D+177565]\n\tOrdinal0 [0x009895FB+169467]\n\tOrdinal0 [0x0097160A+71178]\n\tOrdinal0 [0x00972690+75408]\n\tOrdinal0 [0x00972629+75305]\n\tOrdinal0 [0x00A771B7+1143223]\n\tGetHandleVerifier [0x00B72B46+507814]\n\tGetHandleVerifier [0x00B72864+507076]\n\tGetHandleVerifier [0x00B79F47+537511]\n\tGetHandleVerifier [0x00B73402+510050]\n\tOrdinal0 [0x00A6F29C+1110684]\n\tOrdinal0 [0x00A7938B+1151883]\n\tOrdinal0 [0x00A794F3+1152243]\n\tOrdinal0 [0x00A783F5+1147893]\n\tBaseThreadInitThunk [0x76D30419+25]\n\tRtlGetAppContainerNamedObjectPath [0x77B1662D+237]\n\tRtlGetAppContainerNamedObjectPath [0x77B165FD+189]\n). See below for more details.\r\nCould not instantiate new WebDriver instance of type class org.openqa.selenium.chrome.ChromeDriver (session not created\nfrom chrome not reachable\n  (Session info: chrome\u003d80.0.3987.116)\nBuild info: version: \u00273.141.59\u0027, revision: \u0027e82be7d358\u0027, time: \u00272018-11-14T08:17:03\u0027\nSystem info: host: \u0027AFSWWD0CQT7LE1\u0027, ip: \u002710.84.12.44\u0027, os.name: \u0027Windows 10\u0027, os.arch: \u0027amd64\u0027, os.version: \u002710.0\u0027, java.version: \u00271.8.0_241\u0027\nDriver info: driver.version: ProvideNewDriver\nremote stacktrace: Backtrace:\n\tOrdinal0 [0x00ADA113+1548563]\n\tOrdinal0 [0x00A5DDA1+1039777]\n\tOrdinal0 [0x009DE32E+516910]\n\tOrdinal0 [0x009D8012+491538]\n\tOrdinal0 [0x009D86EB+493291]\n\tOrdinal0 [0x009D9855+497749]\n\tOrdinal0 [0x009D5885+481413]\n\tOrdinal0 [0x009DF0D0+520400]\n\tOrdinal0 [0x0098C030+180272]\n\tOrdinal0 [0x0098B59D+177565]\n\tOrdinal0 [0x009895FB+169467]\n\tOrdinal0 [0x0097160A+71178]\n\tOrdinal0 [0x00972690+75408]\n\tOrdinal0 [0x00972629+75305]\n\tOrdinal0 [0x00A771B7+1143223]\n\tGetHandleVerifier [0x00B72B46+507814]\n\tGetHandleVerifier [0x00B72864+507076]\n\tGetHandleVerifier [0x00B79F47+537511]\n\tGetHandleVerifier [0x00B73402+510050]\n\tOrdinal0 [0x00A6F29C+1110684]\n\tOrdinal0 [0x00A7938B+1151883]\n\tOrdinal0 [0x00A794F3+1152243]\n\tOrdinal0 [0x00A783F5+1147893]\n\tBaseThreadInitThunk [0x76D30419+25]\n\tRtlGetAppContainerNamedObjectPath [0x77B1662D+237]\n\tRtlGetAppContainerNamedObjectPath [0x77B165FD+189]\n). See below for more details.","testFailureSummary":"ERROR;net.thucydides.core.webdriver.DriverConfigurationError;Could not instantiate new WebDriver instance of type class org.openqa.selenium.chrome.ChromeDriver (session not created\nfrom chrome not reachable\n  (Session info: chrome\u003d80.0.3987.116)\nBuild info: version: \u00273.141.59\u0027, revision: \u0027e82be7d358\u0027, time: \u00272018-11-14T08:17:03\u0027\nSystem info: host: \u0027AFSWWD0CQT7LE1\u0027, ip: \u002710.84.12.44\u0027, os.name: \u0027Windows 10\u0027, os.arch: \u0027amd64\u0027, os.version: \u002710.0\u0027, java.version: \u00271.8.0_241\u0027\nDriver info: driver.version: ProvideNewDriver\nremote stacktrace: Backtrace:\n\tOrdinal0 [0x00ADA113+1548563]\n\tOrdinal0 [0x00A5DDA1+1039777]\n\tOrdinal0 [0x009DE32E+516910]\n\tOrdinal0 [0x009D8012+491538]\n\tOrdinal0 [0x009D86EB+493291]\n\tOrdinal0 [0x009D9855+497749]\n\tOrdinal0 [0x009D5885+481413]\n\tOrdinal0 [0x009DF0D0+520400]\n\tOrdinal0 [0x0098C030+180272]\n\tOrdinal0 [0x0098B59D+177565]\n\tOrdinal0 [0x009895FB+169467]\n\tOrdinal0 [0x0097160A+71178]\n\tOrdinal0 [0x00972690+75408]\n\tOrdinal0 [0x00972629+75305]\n\tOrdinal0 [0x00A771B7+1143223]\n\tGetHandleVerifier [0x00B72B46+507814]\n\tGetHandleVerifier [0x00B72864+507076]\n\tGetHandleVerifier [0x00B79F47+537511]\n\tGetHandleVerifier [0x00B73402+510050]\n\tOrdinal0 [0x00A6F29C+1110684]\n\tOrdinal0 [0x00A7938B+1151883]\n\tOrdinal0 [0x00A794F3+1152243]\n\tOrdinal0 [0x00A783F5+1147893]\n\tBaseThreadInitThunk [0x76D30419+25]\n\tRtlGetAppContainerNamedObjectPath [0x77B1662D+237]\n\tRtlGetAppContainerNamedObjectPath [0x77B165FD+189]\n). See below for more details.;TSAGOVBasePage.java","projectKey":"","annotatedResult":"ERROR","sessionId":"292b6e615d182ba243cf9d8656e5199c","driver":"chrome","isManualTestingUpToDate":false,"dataTable":{"headers":["pageName"],"rows":[{"values":["Airport Airlines"],"result":"FAILURE"},{"values":["Schedule"],"result":"FAILURE"},{"values":["FAQ"],"result":"ERROR"},{"values":["Trusted Traveler Programs"],"result":"ERROR"}],"predefinedRows":true,"scenarioOutline":"Given user wants to access all pages on TSAPre section\n\rWhen user access TSAPre page\n\rThen user is directed to TSAPre page\n\rAnd page \u003cpageName\u003e under TSAPre section is accessible\n\r","dataSetDescriptors":[{"startRow":0,"rowCount":0,"name":""}]},"manual":false,"testSource":"Cucumber","result":"ERROR","scenarioOutline":"Given user wants to access all pages on TSAPre section\r\nWhen user access TSAPre page\r\nThen user is directed to TSAPre page\r\nAnd page \u003cpageName\u003e under TSAPre section is accessible"}